<html>
<head>
<title>TestNG:  Login Logout</title>
<link href="../testng.css" rel="stylesheet" type="text/css" />
<link href="../my-testng.css" rel="stylesheet" type="text/css" />

<style type="text/css">
.log { display: none;} 
.stack-trace { display: none;} 
</style>
<script type="text/javascript">
<!--
function flip(e) {
  current = e.style.display;
  if (current == 'block') {
    e.style.display = 'none';
    return 0;
  }
  else {
    e.style.display = 'block';
    return 1;
  }
}

function toggleBox(szDivId, elem, msg1, msg2)
{
  var res = -1;  if (document.getElementById) {
    res = flip(document.getElementById(szDivId));
  }
  else if (document.all) {
    // this is the way old msie versions work
    res = flip(document.all[szDivId]);
  }
  if(elem) {
    if(res == 0) elem.innerHTML = msg1; else elem.innerHTML = msg2;
  }

}

function toggleAllBoxes() {
  if (document.getElementsByTagName) {
    d = document.getElementsByTagName('div');
    for (i = 0; i < d.length; i++) {
      if (d[i].className == 'log') {
        flip(d[i]);
      }
    }
  }
}

// -->
</script>

</head>
<body>
<h2 align='center'>Login Logout</h2><table border='1' align="center">
<tr>
<td>Tests passed/Failed/Skipped:</td><td>11/3/0</td>
</tr><tr>
<td>Started on:</td><td>Thu Mar 02 18:53:29 IST 2017</td>
</tr>
<tr><td>Total time:</td><td>1143 seconds (1143955 ms)</td>
</tr><tr>
<td>Included groups:</td><td></td>
</tr><tr>
<td>Excluded groups:</td><td></td>
</tr>
</table><p/>
<small><i>(Hover the method name to see the test class name)</i></small><p/>
<table width='100%' border='1' class='invocation-failed'>
<tr><td colspan='4' align='center'><b>FAILED TESTS</b></td></tr>
<tr><td><b>Test method</b></td>
<td width="30%"><b>Exception</b></td>
<td width="10%"><b>Time (seconds)</b></td>
<td><b>Instance</b></td>
</tr>
<tr>
<td title='com.mobizio.testscript.CreateBranchWithAllDetails.createNewBranchWithAllDetails()'><b>createNewBranchWithAllDetails</b><br>Test class: com.mobizio.testscript.CreateBranchWithAllDetails<br>Test method: create new branch with all fields<br/>
<a href="#Output-1139609587" onClick='toggleBox("Output-1139609587", this, "Show output", "Hide output");'>Show output</a>

<a href="#Output-1139609587" onClick="toggleAllBoxes();">Show all outputs</a>
<div class='log' id="Output-1139609587">
</br>Login with user name uuseriat and password jaimatadi1#<br/>
</br>verify user login succesfully<br/>
</br>Click on Hamburger Menu<br/>
</br>Click on Configuration Menu<br/>
</br>Click on Branches<br/>
</br>Click on NewBranch Button<br/>
</br>enter new branch details<br/>
</br>verify new branch<br/>
</div>
</td>
<td><div><pre>org.openqa.selenium.NoSuchElementException: no such element: Unable to locate element: {&quot;method&quot;:&quot;xpath&quot;,&quot;selector&quot;:&quot;//*[@id=&apos;branchesTable&apos;]/tbody/tr[1]/td[1]&quot;}
  (Session info: chrome=56.0.2924.87)
  (Driver info: chromedriver=2.25.426923 (0390b88869384d6eb0d5d09729679f934aab9eed),platform=Windows NT 6.3.9600 x86_64) (WARNING: The server did not provide any stacktrace information)
Command duration or timeout: 48 milliseconds
For documentation on this error, please visit: http://seleniumhq.org/exceptions/no_such_element.html
Build info: version: &apos;2.53.1&apos;, revision: &apos;a36b8b1cd5757287168e54b817830adce9b0158d&apos;, time: &apos;2016-06-30 19:26:09&apos;
System info: host: &apos;360PC0145&apos;, ip: &apos;192.168.3.71&apos;, os.name: &apos;Windows 8.1&apos;, os.arch: &apos;amd64&apos;, os.version: &apos;6.3&apos;, java.version: &apos;1.8.0_121&apos;
Driver info: org.openqa.selenium.chrome.ChromeDriver
Capabilities [{applicationCacheEnabled=false, rotatable=false, mobileEmulationEnabled=false, networkConnectionEnabled=false, chrome={chromedriverVersion=2.25.426923 (0390b88869384d6eb0d5d09729679f934aab9eed), userDataDir=C:\Users\adarshm\AppData\Local\Temp\scoped_dir32_17483}, takesHeapSnapshot=true, pageLoadStrategy=normal, databaseEnabled=false, handlesAlerts=true, hasTouchScreen=false, version=56.0.2924.87, platform=WIN8_1, browserConnectionEnabled=false, nativeEvents=true, acceptSslCerts=true, locationContextEnabled=true, webStorageEnabled=true, browserName=chrome, takesScreenshot=true, javascriptEnabled=true, cssSelectorsEnabled=true}]
Session ID: 3de996a166701efd9f8618d85fa65524
*** Element info: {Using=xpath, value=//*[@id=&apos;branchesTable&apos;]/tbody/tr[1]/td[1]}
	at sun.reflect.NativeConstructorAccessorImpl.newInstance0(Native Method)
	at sun.reflect.NativeConstructorAccessorImpl.newInstance(Unknown Source)
	at sun.reflect.DelegatingConstructorAccessorImpl.newInstance(Unknown Source)
	at java.lang.reflect.Constructor.newInstance(Unknown Source)
	at org.openqa.selenium.remote.ErrorHandler.createThrowable(ErrorHandler.java:206)
	at org.openqa.selenium.remote.ErrorHandler.throwIfResponseFailed(ErrorHandler.java:158)
	at org.openqa.selenium.remote.RemoteWebDriver.execute(RemoteWebDriver.java:678)
	at org.openqa.selenium.remote.RemoteWebDriver.findElement(RemoteWebDriver.java:363)
	at org.openqa.selenium.remote.RemoteWebDriver.findElementByXPath(RemoteWebDriver.java:500)
	at org.openqa.selenium.By$ByXPath.findElement(By.java:361)
	at org.openqa.selenium.remote.RemoteWebDriver.findElement(RemoteWebDriver.java:355)
	at org.openqa.selenium.support.pagefactory.DefaultElementLocator.findElement(DefaultElementLocator.java:69)
	at org.openqa.selenium.support.pagefactory.internal.LocatingElementHandler.invoke(LocatingElementHandler.java:38)
	at com.sun.proxy.$Proxy11.getText(Unknown Source)
	at com.mobizio.pages.BranchPage.verifyCreatedBranchOnBranchPage(BranchPage.java:146)
	at com.mobizio.testscript.CreateBranchWithAllDetails.createNewBranchWithAllDetails(CreateBranchWithAllDetails.java:74)
	at sun.reflect.NativeMethodAccessorImpl.invoke0(Native Method)
	at sun.reflect.NativeMethodAccessorImpl.invoke(Unknown Source)
	at sun.reflect.DelegatingMethodAccessorImpl.invoke(Unknown Source)
	at java.lang.reflect.Method.invoke(Unknown Source)
	at org.testng.internal.MethodInvocationHelper.invokeMethod(MethodInvocationHelper.java:80)
	at org.testng.internal.Invoker.invokeMethod(Invoker.java:714)
	at org.testng.internal.Invoker.invokeTestMethod(Invoker.java:901)
	at org.testng.internal.Invoker.invokeTestMethods(Invoker.java:1231)
	at org.testng.internal.TestMethodWorker.invokeTestMethods(TestMethodWorker.java:127)
	at org.testng.internal.TestMethodWorker.run(TestMethodWorker.java:111)
	at org.testng.TestRunner.privateRun(TestRunner.java:767)
	at org.testng.TestRunner.run(TestRunner.java:617)
	at org.testng.SuiteRunner.runTest(SuiteRunner.java:334)
	at org.testng.SuiteRunner.runSequentially(SuiteRunner.java:329)
	at org.testng.SuiteRunner.privateRun(SuiteRunner.java:291)
	at org.testng.SuiteRunner.run(SuiteRunner.java:240)
	at org.testng.SuiteRunnerWorker.runSuite(SuiteRunnerWorker.java:52)
	at org.testng.SuiteRunnerWorker.run(SuiteRunnerWorker.java:86)
	at org.testng.TestNG.runSuitesSequentially(TestNG.java:1198)
	at org.testng.TestNG.runSuitesLocally(TestNG.java:1123)
	at org.testng.TestNG.run(TestNG.java:1031)
	at org.testng.remote.AbstractRemoteTestNG.run(AbstractRemoteTestNG.java:132)
	at org.testng.remote.RemoteTestNG.initAndRun(RemoteTestNG.java:236)
	at org.testng.remote.RemoteTestNG.main(RemoteTestNG.java:81)
</pre></div><a href='#' onClick='toggleBox("stack-trace1139609587", this, "Click to show all stack frames", "Click to hide stack frames")'>Click to show all stack frames</a>
<div class='stack-trace' id='stack-trace1139609587'><pre>org.openqa.selenium.NoSuchElementException: no such element: Unable to locate element: {&quot;method&quot;:&quot;xpath&quot;,&quot;selector&quot;:&quot;//*[@id=&apos;branchesTable&apos;]/tbody/tr[1]/td[1]&quot;}
  (Session info: chrome=56.0.2924.87)
  (Driver info: chromedriver=2.25.426923 (0390b88869384d6eb0d5d09729679f934aab9eed),platform=Windows NT 6.3.9600 x86_64) (WARNING: The server did not provide any stacktrace information)
Command duration or timeout: 48 milliseconds
For documentation on this error, please visit: http://seleniumhq.org/exceptions/no_such_element.html
Build info: version: &apos;2.53.1&apos;, revision: &apos;a36b8b1cd5757287168e54b817830adce9b0158d&apos;, time: &apos;2016-06-30 19:26:09&apos;
System info: host: &apos;360PC0145&apos;, ip: &apos;192.168.3.71&apos;, os.name: &apos;Windows 8.1&apos;, os.arch: &apos;amd64&apos;, os.version: &apos;6.3&apos;, java.version: &apos;1.8.0_121&apos;
Driver info: org.openqa.selenium.chrome.ChromeDriver
Capabilities [{applicationCacheEnabled=false, rotatable=false, mobileEmulationEnabled=false, networkConnectionEnabled=false, chrome={chromedriverVersion=2.25.426923 (0390b88869384d6eb0d5d09729679f934aab9eed), userDataDir=C:\Users\adarshm\AppData\Local\Temp\scoped_dir32_17483}, takesHeapSnapshot=true, pageLoadStrategy=normal, databaseEnabled=false, handlesAlerts=true, hasTouchScreen=false, version=56.0.2924.87, platform=WIN8_1, browserConnectionEnabled=false, nativeEvents=true, acceptSslCerts=true, locationContextEnabled=true, webStorageEnabled=true, browserName=chrome, takesScreenshot=true, javascriptEnabled=true, cssSelectorsEnabled=true}]
Session ID: 3de996a166701efd9f8618d85fa65524
*** Element info: {Using=xpath, value=//*[@id=&apos;branchesTable&apos;]/tbody/tr[1]/td[1]}
	at sun.reflect.NativeConstructorAccessorImpl.newInstance0(Native Method)
	at sun.reflect.NativeConstructorAccessorImpl.newInstance(Unknown Source)
	at sun.reflect.DelegatingConstructorAccessorImpl.newInstance(Unknown Source)
	at java.lang.reflect.Constructor.newInstance(Unknown Source)
	at org.openqa.selenium.remote.ErrorHandler.createThrowable(ErrorHandler.java:206)
	at org.openqa.selenium.remote.ErrorHandler.throwIfResponseFailed(ErrorHandler.java:158)
	at org.openqa.selenium.remote.RemoteWebDriver.execute(RemoteWebDriver.java:678)
	at org.openqa.selenium.remote.RemoteWebDriver.findElement(RemoteWebDriver.java:363)
	at org.openqa.selenium.remote.RemoteWebDriver.findElementByXPath(RemoteWebDriver.java:500)
	at org.openqa.selenium.By$ByXPath.findElement(By.java:361)
	at org.openqa.selenium.remote.RemoteWebDriver.findElement(RemoteWebDriver.java:355)
	at org.openqa.selenium.support.pagefactory.DefaultElementLocator.findElement(DefaultElementLocator.java:69)
	at org.openqa.selenium.support.pagefactory.internal.LocatingElementHandler.invoke(LocatingElementHandler.java:38)
	at com.sun.proxy.$Proxy11.getText(Unknown Source)
	at com.mobizio.pages.BranchPage.verifyCreatedBranchOnBranchPage(BranchPage.java:146)
	at com.mobizio.testscript.CreateBranchWithAllDetails.createNewBranchWithAllDetails(CreateBranchWithAllDetails.java:74)
	at sun.reflect.NativeMethodAccessorImpl.invoke0(Native Method)
	at sun.reflect.NativeMethodAccessorImpl.invoke(Unknown Source)
	at sun.reflect.DelegatingMethodAccessorImpl.invoke(Unknown Source)
	at java.lang.reflect.Method.invoke(Unknown Source)
	at org.testng.internal.MethodInvocationHelper.invokeMethod(MethodInvocationHelper.java:80)
	at org.testng.internal.Invoker.invokeMethod(Invoker.java:714)
	at org.testng.internal.Invoker.invokeTestMethod(Invoker.java:901)
	at org.testng.internal.Invoker.invokeTestMethods(Invoker.java:1231)
	at org.testng.internal.TestMethodWorker.invokeTestMethods(TestMethodWorker.java:127)
	at org.testng.internal.TestMethodWorker.run(TestMethodWorker.java:111)
	at org.testng.TestRunner.privateRun(TestRunner.java:767)
	at org.testng.TestRunner.run(TestRunner.java:617)
	at org.testng.SuiteRunner.runTest(SuiteRunner.java:334)
	at org.testng.SuiteRunner.runSequentially(SuiteRunner.java:329)
	at org.testng.SuiteRunner.privateRun(SuiteRunner.java:291)
	at org.testng.SuiteRunner.run(SuiteRunner.java:240)
	at org.testng.SuiteRunnerWorker.runSuite(SuiteRunnerWorker.java:52)
	at org.testng.SuiteRunnerWorker.run(SuiteRunnerWorker.java:86)
	at org.testng.TestNG.runSuitesSequentially(TestNG.java:1198)
	at org.testng.TestNG.runSuitesLocally(TestNG.java:1123)
	at org.testng.TestNG.run(TestNG.java:1031)
	at org.testng.remote.AbstractRemoteTestNG.run(AbstractRemoteTestNG.java:132)
	at org.testng.remote.RemoteTestNG.initAndRun(RemoteTestNG.java:236)
	at org.testng.remote.RemoteTestNG.main(RemoteTestNG.java:81)
</pre></div></td>
<td>27</td>
<td>com.mobizio.testscript.CreateBranchWithAllDetails@25bbf683</td></tr>
<tr>
<td title='com.mobizio.testscript.CreateFormWithAllDetails.createNewBranchWithAllDetails()'><b>createNewBranchWithAllDetails</b><br>Test class: com.mobizio.testscript.CreateFormWithAllDetails<br>Test method: CreateForm<br/>
<a href="#Output-1792473683" onClick='toggleBox("Output-1792473683", this, "Show output", "Hide output");'>Show output</a>

<a href="#Output-1792473683" onClick="toggleAllBoxes();">Show all outputs</a>
<div class='log' id="Output-1792473683">
</br>Login with user name uuseriat and password jaimatadi1#<br/>
</br>verify user login succesfully<br/>
</br>Click on Hamburger Menu<br/>
</br>Click on Configuration Menu<br/>
</br>Click on form<br/>
</br>Click on newform<br/>
</br>Click on newform<br/>
</br>add text field to form<br/>
</br>click on added text field<br/>
</br>fill details of added text field<br/>
</br>Click on newform<br/>
</br>add number field to form<br/>
</br>click on number field<br/>
</br>select action for number field<br/>
</br>select value in rule field<br/>
</br>Click on fields<br/>
</br>add paragraph field to form<br/>
</br>click on paragraph field<br/>
</br>select action for number field<br/>
</br>select value in rule field<br/>
</br>Click on fields<br/>
</br>add decimal field to form<br/>
</br>add multiselect field to form<br/>
</br>add dropdown field to form<br/>
</br>add time field to form<br/>
</br>add date field to form<br/>
</br>add radio button field to form<br/>
</br>add checkbox field to form<br/>
</br>add signature field to form<br/>
</br>add photo field to form<br/>
</br>add barcode field to form<br/>
</br>add hyperlink field to form<br/>
</br>add label field to form<br/>
</br>add customer picker field to form<br/>
</br>add user picker field to form<br/>
</br>add table field to form<br/>
</br>add section field to form<br/>
</br>click On form setting<br/>
</br>enter value of form name<br/>
</br>enter value of form header<br/>
</br>enter value of form instruction<br/>
</br>enter value of required<br/>
</br>click On save button<br/>
</br>click On publish button<br/>
</div>
</td>
<td><div><pre>org.openqa.selenium.TimeoutException: Timed out after 30 seconds waiting for element to be clickable: Proxy element for: DefaultElementLocator &apos;By.xpath: //*[@id=&apos;btnActionPublish&apos;]&apos;
Build info: version: &apos;2.53.1&apos;, revision: &apos;a36b8b1cd5757287168e54b817830adce9b0158d&apos;, time: &apos;2016-06-30 19:26:09&apos;
System info: host: &apos;360PC0145&apos;, ip: &apos;192.168.3.71&apos;, os.name: &apos;Windows 8.1&apos;, os.arch: &apos;amd64&apos;, os.version: &apos;6.3&apos;, java.version: &apos;1.8.0_121&apos;
Driver info: org.openqa.selenium.chrome.ChromeDriver
Capabilities [{applicationCacheEnabled=false, rotatable=false, mobileEmulationEnabled=false, networkConnectionEnabled=false, chrome={chromedriverVersion=2.25.426923 (0390b88869384d6eb0d5d09729679f934aab9eed), userDataDir=C:\Users\adarshm\AppData\Local\Temp\scoped_dir5992_12661}, takesHeapSnapshot=true, pageLoadStrategy=normal, databaseEnabled=false, handlesAlerts=true, hasTouchScreen=false, version=56.0.2924.87, platform=WIN8_1, browserConnectionEnabled=false, nativeEvents=true, acceptSslCerts=true, locationContextEnabled=true, webStorageEnabled=true, browserName=chrome, takesScreenshot=true, javascriptEnabled=true, cssSelectorsEnabled=true}]
Session ID: 322068311dc01bce6340800dfa48fdba
	at org.openqa.selenium.support.ui.WebDriverWait.timeoutException(WebDriverWait.java:80)
	at org.openqa.selenium.support.ui.FluentWait.until(FluentWait.java:261)
	at com.mobizio.selenium.framework.BasePage.waitForElement(BasePage.java:168)
	at com.mobizio.pages.FormPage.clickOnPublish(FormPage.java:188)
	at com.mobizio.testscript.CreateFormWithAllDetails.createNewBranchWithAllDetails(CreateFormWithAllDetails.java:183)
	at sun.reflect.NativeMethodAccessorImpl.invoke0(Native Method)
	at sun.reflect.NativeMethodAccessorImpl.invoke(Unknown Source)
	at sun.reflect.DelegatingMethodAccessorImpl.invoke(Unknown Source)
	at java.lang.reflect.Method.invoke(Unknown Source)
	at org.testng.internal.MethodInvocationHelper.invokeMethod(MethodInvocationHelper.java:80)
	at org.testng.internal.Invoker.invokeMethod(Invoker.java:714)
	at org.testng.internal.Invoker.invokeTestMethod(Invoker.java:901)
	at org.testng.internal.Invoker.invokeTestMethods(Invoker.java:1231)
	at org.testng.internal.TestMethodWorker.invokeTestMethods(TestMethodWorker.java:127)
	at org.testng.internal.TestMethodWorker.run(TestMethodWorker.java:111)
	at org.testng.TestRunner.privateRun(TestRunner.java:767)
	at org.testng.TestRunner.run(TestRunner.java:617)
	at org.testng.SuiteRunner.runTest(SuiteRunner.java:334)
	at org.testng.SuiteRunner.runSequentially(SuiteRunner.java:329)
	at org.testng.SuiteRunner.privateRun(SuiteRunner.java:291)
	at org.testng.SuiteRunner.run(SuiteRunner.java:240)
	at org.testng.SuiteRunnerWorker.runSuite(SuiteRunnerWorker.java:52)
	at org.testng.SuiteRunnerWorker.run(SuiteRunnerWorker.java:86)
	at org.testng.TestNG.runSuitesSequentially(TestNG.java:1198)
	at org.testng.TestNG.runSuitesLocally(TestNG.java:1123)
	at org.testng.TestNG.run(TestNG.java:1031)
	at org.testng.remote.AbstractRemoteTestNG.run(AbstractRemoteTestNG.java:132)
	at org.testng.remote.RemoteTestNG.initAndRun(RemoteTestNG.java:236)
	at org.testng.remote.RemoteTestNG.main(RemoteTestNG.java:81)
Caused by: org.openqa.selenium.NoSuchElementException: no such element: Unable to locate element: {&quot;method&quot;:&quot;xpath&quot;,&quot;selector&quot;:&quot;//*[@id=&apos;btnActionPublish&apos;]&quot;}
  (Session info: chrome=56.0.2924.87)
  (Driver info: chromedriver=2.25.426923 (0390b88869384d6eb0d5d09729679f934aab9eed),platform=Windows NT 6.3.9600 x86_64) (WARNING: The server did not provide any stacktrace information)
Command duration or timeout: 10 milliseconds
For documentation on this error, please visit: http://seleniumhq.org/exceptions/no_such_element.html
Build info: version: &apos;2.53.1&apos;, revision: &apos;a36b8b1cd5757287168e54b817830adce9b0158d&apos;, time: &apos;2016-06-30 19:26:09&apos;
System info: host: &apos;360PC0145&apos;, ip: &apos;192.168.3.71&apos;, os.name: &apos;Windows 8.1&apos;, os.arch: &apos;amd64&apos;, os.version: &apos;6.3&apos;, java.version: &apos;1.8.0_121&apos;
Driver info: org.openqa.selenium.chrome.ChromeDriver
Capabilities [{applicationCacheEnabled=false, rotatable=false, mobileEmulationEnabled=false, networkConnectionEnabled=false, chrome={chromedriverVersion=2.25.426923 (0390b88869384d6eb0d5d09729679f934aab9eed), userDataDir=C:\Users\adarshm\AppData\Local\Temp\scoped_dir5992_12661}, takesHeapSnapshot=true, pageLoadStrategy=normal, databaseEnabled=false, handlesAlerts=true, hasTouchScreen=false, version=56.0.2924.87, platform=WIN8_1, browserConnectionEnabled=false, nativeEvents=true, acceptSslCerts=true, locationContextEnabled=true, webStorageEnabled=true, browserName=chrome, takesScreenshot=true, javascriptEnabled=true, cssSelectorsEnabled=true}]
Session ID: 322068311dc01bce6340800dfa48fdba
*** Element info: {Using=xpath, value=//*[@id=&apos;btnActionPublish&apos;]}
	at sun.reflect.GeneratedConstructorAccessor15.newInstance(Unknown Source)
	at sun.reflect.DelegatingConstructorAccessorImpl.newInstance(Unknown Source)
	at java.lang.reflect.Constructor.newInstance(Unknown Source)
	at org.openqa.selenium.remote.ErrorHandler.createThrowable(ErrorHandler.java:206)
	at org.openqa.selenium.remote.ErrorHandler.throwIfResponseFailed(ErrorHandler.java:158)
	at org.openqa.selenium.remote.RemoteWebDriver.execute(RemoteWebDriver.java:678)
	at org.openqa.selenium.remote.RemoteWebDriver.findElement(RemoteWebDriver.java:363)
	at org.openqa.selenium.remote.RemoteWebDriver.findElementByXPath(RemoteWebDriver.java:500)
	at org.openqa.selenium.By$ByXPath.findElement(By.java:361)
	at org.openqa.selenium.remote.RemoteWebDriver.findElement(RemoteWebDriver.java:355)
	at org.openqa.selenium.support.pagefactory.DefaultElementLocator.findElement(DefaultElementLocator.java:69)
	at org.openqa.selenium.support.pagefactory.internal.LocatingElementHandler.invoke(LocatingElementHandler.java:38)
	at com.sun.proxy.$Proxy11.isDisplayed(Unknown Source)
	at org.openqa.selenium.support.ui.ExpectedConditions.elementIfVisible(ExpectedConditions.java:302)
	at org.openqa.selenium.support.ui.ExpectedConditions.access$100(ExpectedConditions.java:41)
	at org.openqa.selenium.support.ui.ExpectedConditions$10.apply(ExpectedConditions.java:288)
	at org.openqa.selenium.support.ui.ExpectedConditions$10.apply(ExpectedConditions.java:285)
	at org.openqa.selenium.support.ui.ExpectedConditions$23.apply(ExpectedConditions.java:687)
	at org.openqa.selenium.support.ui.ExpectedConditions$23.apply(ExpectedConditions.java:680)
	at org.openqa.selenium.support.ui.FluentWait.until(FluentWait.java:238)
	... 27 more
</pre></div><a href='#' onClick='toggleBox("stack-trace1792473683", this, "Click to show all stack frames", "Click to hide stack frames")'>Click to show all stack frames</a>
<div class='stack-trace' id='stack-trace1792473683'><pre>org.openqa.selenium.TimeoutException: Timed out after 30 seconds waiting for element to be clickable: Proxy element for: DefaultElementLocator &apos;By.xpath: //*[@id=&apos;btnActionPublish&apos;]&apos;
Build info: version: &apos;2.53.1&apos;, revision: &apos;a36b8b1cd5757287168e54b817830adce9b0158d&apos;, time: &apos;2016-06-30 19:26:09&apos;
System info: host: &apos;360PC0145&apos;, ip: &apos;192.168.3.71&apos;, os.name: &apos;Windows 8.1&apos;, os.arch: &apos;amd64&apos;, os.version: &apos;6.3&apos;, java.version: &apos;1.8.0_121&apos;
Driver info: org.openqa.selenium.chrome.ChromeDriver
Capabilities [{applicationCacheEnabled=false, rotatable=false, mobileEmulationEnabled=false, networkConnectionEnabled=false, chrome={chromedriverVersion=2.25.426923 (0390b88869384d6eb0d5d09729679f934aab9eed), userDataDir=C:\Users\adarshm\AppData\Local\Temp\scoped_dir5992_12661}, takesHeapSnapshot=true, pageLoadStrategy=normal, databaseEnabled=false, handlesAlerts=true, hasTouchScreen=false, version=56.0.2924.87, platform=WIN8_1, browserConnectionEnabled=false, nativeEvents=true, acceptSslCerts=true, locationContextEnabled=true, webStorageEnabled=true, browserName=chrome, takesScreenshot=true, javascriptEnabled=true, cssSelectorsEnabled=true}]
Session ID: 322068311dc01bce6340800dfa48fdba
	at org.openqa.selenium.support.ui.WebDriverWait.timeoutException(WebDriverWait.java:80)
	at org.openqa.selenium.support.ui.FluentWait.until(FluentWait.java:261)
	at com.mobizio.selenium.framework.BasePage.waitForElement(BasePage.java:168)
	at com.mobizio.pages.FormPage.clickOnPublish(FormPage.java:188)
	at com.mobizio.testscript.CreateFormWithAllDetails.createNewBranchWithAllDetails(CreateFormWithAllDetails.java:183)
	at sun.reflect.NativeMethodAccessorImpl.invoke0(Native Method)
	at sun.reflect.NativeMethodAccessorImpl.invoke(Unknown Source)
	at sun.reflect.DelegatingMethodAccessorImpl.invoke(Unknown Source)
	at java.lang.reflect.Method.invoke(Unknown Source)
	at org.testng.internal.MethodInvocationHelper.invokeMethod(MethodInvocationHelper.java:80)
	at org.testng.internal.Invoker.invokeMethod(Invoker.java:714)
	at org.testng.internal.Invoker.invokeTestMethod(Invoker.java:901)
	at org.testng.internal.Invoker.invokeTestMethods(Invoker.java:1231)
	at org.testng.internal.TestMethodWorker.invokeTestMethods(TestMethodWorker.java:127)
	at org.testng.internal.TestMethodWorker.run(TestMethodWorker.java:111)
	at org.testng.TestRunner.privateRun(TestRunner.java:767)
	at org.testng.TestRunner.run(TestRunner.java:617)
	at org.testng.SuiteRunner.runTest(SuiteRunner.java:334)
	at org.testng.SuiteRunner.runSequentially(SuiteRunner.java:329)
	at org.testng.SuiteRunner.privateRun(SuiteRunner.java:291)
	at org.testng.SuiteRunner.run(SuiteRunner.java:240)
	at org.testng.SuiteRunnerWorker.runSuite(SuiteRunnerWorker.java:52)
	at org.testng.SuiteRunnerWorker.run(SuiteRunnerWorker.java:86)
	at org.testng.TestNG.runSuitesSequentially(TestNG.java:1198)
	at org.testng.TestNG.runSuitesLocally(TestNG.java:1123)
	at org.testng.TestNG.run(TestNG.java:1031)
	at org.testng.remote.AbstractRemoteTestNG.run(AbstractRemoteTestNG.java:132)
	at org.testng.remote.RemoteTestNG.initAndRun(RemoteTestNG.java:236)
	at org.testng.remote.RemoteTestNG.main(RemoteTestNG.java:81)
Caused by: org.openqa.selenium.NoSuchElementException: no such element: Unable to locate element: {&quot;method&quot;:&quot;xpath&quot;,&quot;selector&quot;:&quot;//*[@id=&apos;btnActionPublish&apos;]&quot;}
  (Session info: chrome=56.0.2924.87)
  (Driver info: chromedriver=2.25.426923 (0390b88869384d6eb0d5d09729679f934aab9eed),platform=Windows NT 6.3.9600 x86_64) (WARNING: The server did not provide any stacktrace information)
Command duration or timeout: 10 milliseconds
For documentation on this error, please visit: http://seleniumhq.org/exceptions/no_such_element.html
Build info: version: &apos;2.53.1&apos;, revision: &apos;a36b8b1cd5757287168e54b817830adce9b0158d&apos;, time: &apos;2016-06-30 19:26:09&apos;
System info: host: &apos;360PC0145&apos;, ip: &apos;192.168.3.71&apos;, os.name: &apos;Windows 8.1&apos;, os.arch: &apos;amd64&apos;, os.version: &apos;6.3&apos;, java.version: &apos;1.8.0_121&apos;
Driver info: org.openqa.selenium.chrome.ChromeDriver
Capabilities [{applicationCacheEnabled=false, rotatable=false, mobileEmulationEnabled=false, networkConnectionEnabled=false, chrome={chromedriverVersion=2.25.426923 (0390b88869384d6eb0d5d09729679f934aab9eed), userDataDir=C:\Users\adarshm\AppData\Local\Temp\scoped_dir5992_12661}, takesHeapSnapshot=true, pageLoadStrategy=normal, databaseEnabled=false, handlesAlerts=true, hasTouchScreen=false, version=56.0.2924.87, platform=WIN8_1, browserConnectionEnabled=false, nativeEvents=true, acceptSslCerts=true, locationContextEnabled=true, webStorageEnabled=true, browserName=chrome, takesScreenshot=true, javascriptEnabled=true, cssSelectorsEnabled=true}]
Session ID: 322068311dc01bce6340800dfa48fdba
*** Element info: {Using=xpath, value=//*[@id=&apos;btnActionPublish&apos;]}
	at sun.reflect.GeneratedConstructorAccessor15.newInstance(Unknown Source)
	at sun.reflect.DelegatingConstructorAccessorImpl.newInstance(Unknown Source)
	at java.lang.reflect.Constructor.newInstance(Unknown Source)
	at org.openqa.selenium.remote.ErrorHandler.createThrowable(ErrorHandler.java:206)
	at org.openqa.selenium.remote.ErrorHandler.throwIfResponseFailed(ErrorHandler.java:158)
	at org.openqa.selenium.remote.RemoteWebDriver.execute(RemoteWebDriver.java:678)
	at org.openqa.selenium.remote.RemoteWebDriver.findElement(RemoteWebDriver.java:363)
	at org.openqa.selenium.remote.RemoteWebDriver.findElementByXPath(RemoteWebDriver.java:500)
	at org.openqa.selenium.By$ByXPath.findElement(By.java:361)
	at org.openqa.selenium.remote.RemoteWebDriver.findElement(RemoteWebDriver.java:355)
	at org.openqa.selenium.support.pagefactory.DefaultElementLocator.findElement(DefaultElementLocator.java:69)
	at org.openqa.selenium.support.pagefactory.internal.LocatingElementHandler.invoke(LocatingElementHandler.java:38)
	at com.sun.proxy.$Proxy11.isDisplayed(Unknown Source)
	at org.openqa.selenium.support.ui.ExpectedConditions.elementIfVisible(ExpectedConditions.java:302)
	at org.openqa.selenium.support.ui.ExpectedConditions.access$100(ExpectedConditions.java:41)
	at org.openqa.selenium.support.ui.ExpectedConditions$10.apply(ExpectedConditions.java:288)
	at org.openqa.selenium.support.ui.ExpectedConditions$10.apply(ExpectedConditions.java:285)
	at org.openqa.selenium.support.ui.ExpectedConditions$23.apply(ExpectedConditions.java:687)
	at org.openqa.selenium.support.ui.ExpectedConditions$23.apply(ExpectedConditions.java:680)
	at org.openqa.selenium.support.ui.FluentWait.until(FluentWait.java:238)
	... 27 more
</pre></div></td>
<td>106</td>
<td>com.mobizio.testscript.CreateFormWithAllDetails@1990a65e</td></tr>
<tr>
<td title='com.mobizio.testscript.CreateTaskWithAllDetails.createTaskWithAllDetails()'><b>createTaskWithAllDetails</b><br>Test class: com.mobizio.testscript.CreateTaskWithAllDetails<br>Test method: create new device with all fields<br/>
<a href="#Output-353206468" onClick='toggleBox("Output-353206468", this, "Show output", "Hide output");'>Show output</a>

<a href="#Output-353206468" onClick="toggleAllBoxes();">Show all outputs</a>
<div class='log' id="Output-353206468">
</br>Login with user name uuseriat and password jaimatadi1#<br/>
</br>verify user login succesfully<br/>
</br>Click on Hamburger Menu<br/>
</br>Click on visit<br/>
</br>click on new task<br/>
</br>enter visit details and create the visit<br/>
</br>verify visit name<br/>
</div>
</td>
<td><div><pre>org.openqa.selenium.NoSuchElementException: no such element: Unable to locate element: {&quot;method&quot;:&quot;xpath&quot;,&quot;selector&quot;:&quot;//*[@id=&apos;tasksTable&apos;]/tbody/tr[1]/td[1]&quot;}
  (Session info: chrome=56.0.2924.87)
  (Driver info: chromedriver=2.25.426923 (0390b88869384d6eb0d5d09729679f934aab9eed),platform=Windows NT 6.3.9600 x86_64) (WARNING: The server did not provide any stacktrace information)
Command duration or timeout: 48 milliseconds
For documentation on this error, please visit: http://seleniumhq.org/exceptions/no_such_element.html
Build info: version: &apos;2.53.1&apos;, revision: &apos;a36b8b1cd5757287168e54b817830adce9b0158d&apos;, time: &apos;2016-06-30 19:26:09&apos;
System info: host: &apos;360PC0145&apos;, ip: &apos;192.168.3.71&apos;, os.name: &apos;Windows 8.1&apos;, os.arch: &apos;amd64&apos;, os.version: &apos;6.3&apos;, java.version: &apos;1.8.0_121&apos;
Driver info: org.openqa.selenium.chrome.ChromeDriver
Capabilities [{applicationCacheEnabled=false, rotatable=false, mobileEmulationEnabled=false, networkConnectionEnabled=false, chrome={chromedriverVersion=2.25.426923 (0390b88869384d6eb0d5d09729679f934aab9eed), userDataDir=C:\Users\adarshm\AppData\Local\Temp\scoped_dir4016_17540}, takesHeapSnapshot=true, pageLoadStrategy=normal, databaseEnabled=false, handlesAlerts=true, hasTouchScreen=false, version=56.0.2924.87, platform=WIN8_1, browserConnectionEnabled=false, nativeEvents=true, acceptSslCerts=true, locationContextEnabled=true, webStorageEnabled=true, browserName=chrome, takesScreenshot=true, javascriptEnabled=true, cssSelectorsEnabled=true}]
Session ID: cf2acd42931f8baf0a06b48e80dd404e
*** Element info: {Using=xpath, value=//*[@id=&apos;tasksTable&apos;]/tbody/tr[1]/td[1]}
	at sun.reflect.NativeConstructorAccessorImpl.newInstance0(Native Method)
	at sun.reflect.NativeConstructorAccessorImpl.newInstance(Unknown Source)
	at sun.reflect.DelegatingConstructorAccessorImpl.newInstance(Unknown Source)
	at java.lang.reflect.Constructor.newInstance(Unknown Source)
	at org.openqa.selenium.remote.ErrorHandler.createThrowable(ErrorHandler.java:206)
	at org.openqa.selenium.remote.ErrorHandler.throwIfResponseFailed(ErrorHandler.java:158)
	at org.openqa.selenium.remote.RemoteWebDriver.execute(RemoteWebDriver.java:678)
	at org.openqa.selenium.remote.RemoteWebDriver.findElement(RemoteWebDriver.java:363)
	at org.openqa.selenium.remote.RemoteWebDriver.findElementByXPath(RemoteWebDriver.java:500)
	at org.openqa.selenium.By$ByXPath.findElement(By.java:361)
	at org.openqa.selenium.remote.RemoteWebDriver.findElement(RemoteWebDriver.java:355)
	at org.openqa.selenium.support.pagefactory.DefaultElementLocator.findElement(DefaultElementLocator.java:69)
	at org.openqa.selenium.support.pagefactory.internal.LocatingElementHandler.invoke(LocatingElementHandler.java:38)
	at com.sun.proxy.$Proxy11.getText(Unknown Source)
	at com.mobizio.pages.TaskPage.verifyCreatedTaskOnTaskPage(TaskPage.java:213)
	at com.mobizio.testscript.CreateTaskWithAllDetails.createTaskWithAllDetails(CreateTaskWithAllDetails.java:77)
	at sun.reflect.NativeMethodAccessorImpl.invoke0(Native Method)
	at sun.reflect.NativeMethodAccessorImpl.invoke(Unknown Source)
	at sun.reflect.DelegatingMethodAccessorImpl.invoke(Unknown Source)
	at java.lang.reflect.Method.invoke(Unknown Source)
	at org.testng.internal.MethodInvocationHelper.invokeMethod(MethodInvocationHelper.java:80)
	at org.testng.internal.Invoker.invokeMethod(Invoker.java:714)
	at org.testng.internal.Invoker.invokeTestMethod(Invoker.java:901)
	at org.testng.internal.Invoker.invokeTestMethods(Invoker.java:1231)
	at org.testng.internal.TestMethodWorker.invokeTestMethods(TestMethodWorker.java:127)
	at org.testng.internal.TestMethodWorker.run(TestMethodWorker.java:111)
	at org.testng.TestRunner.privateRun(TestRunner.java:767)
	at org.testng.TestRunner.run(TestRunner.java:617)
	at org.testng.SuiteRunner.runTest(SuiteRunner.java:334)
	at org.testng.SuiteRunner.runSequentially(SuiteRunner.java:329)
	at org.testng.SuiteRunner.privateRun(SuiteRunner.java:291)
	at org.testng.SuiteRunner.run(SuiteRunner.java:240)
	at org.testng.SuiteRunnerWorker.runSuite(SuiteRunnerWorker.java:52)
	at org.testng.SuiteRunnerWorker.run(SuiteRunnerWorker.java:86)
	at org.testng.TestNG.runSuitesSequentially(TestNG.java:1198)
	at org.testng.TestNG.runSuitesLocally(TestNG.java:1123)
	at org.testng.TestNG.run(TestNG.java:1031)
	at org.testng.remote.AbstractRemoteTestNG.run(AbstractRemoteTestNG.java:132)
	at org.testng.remote.RemoteTestNG.initAndRun(RemoteTestNG.java:236)
	at org.testng.remote.RemoteTestNG.main(RemoteTestNG.java:81)
</pre></div><a href='#' onClick='toggleBox("stack-trace353206468", this, "Click to show all stack frames", "Click to hide stack frames")'>Click to show all stack frames</a>
<div class='stack-trace' id='stack-trace353206468'><pre>org.openqa.selenium.NoSuchElementException: no such element: Unable to locate element: {&quot;method&quot;:&quot;xpath&quot;,&quot;selector&quot;:&quot;//*[@id=&apos;tasksTable&apos;]/tbody/tr[1]/td[1]&quot;}
  (Session info: chrome=56.0.2924.87)
  (Driver info: chromedriver=2.25.426923 (0390b88869384d6eb0d5d09729679f934aab9eed),platform=Windows NT 6.3.9600 x86_64) (WARNING: The server did not provide any stacktrace information)
Command duration or timeout: 48 milliseconds
For documentation on this error, please visit: http://seleniumhq.org/exceptions/no_such_element.html
Build info: version: &apos;2.53.1&apos;, revision: &apos;a36b8b1cd5757287168e54b817830adce9b0158d&apos;, time: &apos;2016-06-30 19:26:09&apos;
System info: host: &apos;360PC0145&apos;, ip: &apos;192.168.3.71&apos;, os.name: &apos;Windows 8.1&apos;, os.arch: &apos;amd64&apos;, os.version: &apos;6.3&apos;, java.version: &apos;1.8.0_121&apos;
Driver info: org.openqa.selenium.chrome.ChromeDriver
Capabilities [{applicationCacheEnabled=false, rotatable=false, mobileEmulationEnabled=false, networkConnectionEnabled=false, chrome={chromedriverVersion=2.25.426923 (0390b88869384d6eb0d5d09729679f934aab9eed), userDataDir=C:\Users\adarshm\AppData\Local\Temp\scoped_dir4016_17540}, takesHeapSnapshot=true, pageLoadStrategy=normal, databaseEnabled=false, handlesAlerts=true, hasTouchScreen=false, version=56.0.2924.87, platform=WIN8_1, browserConnectionEnabled=false, nativeEvents=true, acceptSslCerts=true, locationContextEnabled=true, webStorageEnabled=true, browserName=chrome, takesScreenshot=true, javascriptEnabled=true, cssSelectorsEnabled=true}]
Session ID: cf2acd42931f8baf0a06b48e80dd404e
*** Element info: {Using=xpath, value=//*[@id=&apos;tasksTable&apos;]/tbody/tr[1]/td[1]}
	at sun.reflect.NativeConstructorAccessorImpl.newInstance0(Native Method)
	at sun.reflect.NativeConstructorAccessorImpl.newInstance(Unknown Source)
	at sun.reflect.DelegatingConstructorAccessorImpl.newInstance(Unknown Source)
	at java.lang.reflect.Constructor.newInstance(Unknown Source)
	at org.openqa.selenium.remote.ErrorHandler.createThrowable(ErrorHandler.java:206)
	at org.openqa.selenium.remote.ErrorHandler.throwIfResponseFailed(ErrorHandler.java:158)
	at org.openqa.selenium.remote.RemoteWebDriver.execute(RemoteWebDriver.java:678)
	at org.openqa.selenium.remote.RemoteWebDriver.findElement(RemoteWebDriver.java:363)
	at org.openqa.selenium.remote.RemoteWebDriver.findElementByXPath(RemoteWebDriver.java:500)
	at org.openqa.selenium.By$ByXPath.findElement(By.java:361)
	at org.openqa.selenium.remote.RemoteWebDriver.findElement(RemoteWebDriver.java:355)
	at org.openqa.selenium.support.pagefactory.DefaultElementLocator.findElement(DefaultElementLocator.java:69)
	at org.openqa.selenium.support.pagefactory.internal.LocatingElementHandler.invoke(LocatingElementHandler.java:38)
	at com.sun.proxy.$Proxy11.getText(Unknown Source)
	at com.mobizio.pages.TaskPage.verifyCreatedTaskOnTaskPage(TaskPage.java:213)
	at com.mobizio.testscript.CreateTaskWithAllDetails.createTaskWithAllDetails(CreateTaskWithAllDetails.java:77)
	at sun.reflect.NativeMethodAccessorImpl.invoke0(Native Method)
	at sun.reflect.NativeMethodAccessorImpl.invoke(Unknown Source)
	at sun.reflect.DelegatingMethodAccessorImpl.invoke(Unknown Source)
	at java.lang.reflect.Method.invoke(Unknown Source)
	at org.testng.internal.MethodInvocationHelper.invokeMethod(MethodInvocationHelper.java:80)
	at org.testng.internal.Invoker.invokeMethod(Invoker.java:714)
	at org.testng.internal.Invoker.invokeTestMethod(Invoker.java:901)
	at org.testng.internal.Invoker.invokeTestMethods(Invoker.java:1231)
	at org.testng.internal.TestMethodWorker.invokeTestMethods(TestMethodWorker.java:127)
	at org.testng.internal.TestMethodWorker.run(TestMethodWorker.java:111)
	at org.testng.TestRunner.privateRun(TestRunner.java:767)
	at org.testng.TestRunner.run(TestRunner.java:617)
	at org.testng.SuiteRunner.runTest(SuiteRunner.java:334)
	at org.testng.SuiteRunner.runSequentially(SuiteRunner.java:329)
	at org.testng.SuiteRunner.privateRun(SuiteRunner.java:291)
	at org.testng.SuiteRunner.run(SuiteRunner.java:240)
	at org.testng.SuiteRunnerWorker.runSuite(SuiteRunnerWorker.java:52)
	at org.testng.SuiteRunnerWorker.run(SuiteRunnerWorker.java:86)
	at org.testng.TestNG.runSuitesSequentially(TestNG.java:1198)
	at org.testng.TestNG.runSuitesLocally(TestNG.java:1123)
	at org.testng.TestNG.run(TestNG.java:1031)
	at org.testng.remote.AbstractRemoteTestNG.run(AbstractRemoteTestNG.java:132)
	at org.testng.remote.RemoteTestNG.initAndRun(RemoteTestNG.java:236)
	at org.testng.remote.RemoteTestNG.main(RemoteTestNG.java:81)
</pre></div></td>
<td>45</td>
<td>com.mobizio.testscript.CreateTaskWithAllDetails@18bf3d14</td></tr>
</table><p>
<table width='100%' border='1' class='invocation-passed'>
<tr><td colspan='4' align='center'><b>PASSED TESTS</b></td></tr>
<tr><td><b>Test method</b></td>
<td width="30%"><b>Exception</b></td>
<td width="10%"><b>Time (seconds)</b></td>
<td><b>Instance</b></td>
</tr>
<tr>
<td title='com.mobizio.testscript.LoginMobizio.VerifyLoginSuccess()'><b>VerifyLoginSuccess</b><br>Test class: com.mobizio.testscript.LoginMobizio<br>Test method: Jira ID: 12223, Desc: Login with valid user name and password<br/>
<a href="#Output-1267105885" onClick='toggleBox("Output-1267105885", this, "Show output", "Hide output");'>Show output</a>

<a href="#Output-1267105885" onClick="toggleAllBoxes();">Show all outputs</a>
<div class='log' id="Output-1267105885">
</br>Login with user name uuseriat and password jaimatadi1#<br/>
</br>verify user login succesfully<br/>
</br>Logout from application<br/>
</br>verify logout successfully<br/>
</div>
</td>
<td></td>
<td>11</td>
<td>com.mobizio.testscript.LoginMobizio@42607a4f</td></tr>
<tr>
<td title='com.mobizio.testscript.LoginMobizio.VerifyLoginSuccess()'><b>VerifyLoginSuccess</b><br>Test class: com.mobizio.testscript.LoginMobizio<br>Test method: Jira ID: 12223, Desc: Login with valid user name and password<br/>
<a href="#Output-1048712791" onClick='toggleBox("Output-1048712791", this, "Show output", "Hide output");'>Show output</a>

<a href="#Output-1048712791" onClick="toggleAllBoxes();">Show all outputs</a>
<div class='log' id="Output-1048712791">
</br>Login with user name uuseriat and password jaimatadi1#<br/>
</br>verify user login succesfully<br/>
</br>Logout from application<br/>
</br>verify logout successfully<br/>
</div>
</td>
<td></td>
<td>16</td>
<td>com.mobizio.testscript.LoginMobizio@782663d3</td></tr>
<tr>
<td title='com.mobizio.testscript.CreateBranchWithAllDetails.createNewBranchWithAllDetails()'><b>createNewBranchWithAllDetails</b><br>Test class: com.mobizio.testscript.CreateBranchWithAllDetails<br>Test method: create new branch with all fields<br/>
<a href="#Output-727497138" onClick='toggleBox("Output-727497138", this, "Show output", "Hide output");'>Show output</a>

<a href="#Output-727497138" onClick="toggleAllBoxes();">Show all outputs</a>
<div class='log' id="Output-727497138">
</br>Login with user name uuseriat and password jaimatadi1#<br/>
</br>verify user login succesfully<br/>
</br>Click on Hamburger Menu<br/>
</br>Click on Configuration Menu<br/>
</br>Click on Branches<br/>
</br>Click on NewBranch Button<br/>
</br>enter new branch details<br/>
</br>verify new branch<br/>
</br>Logout from application<br/>
</br>verify logout successfully<br/>
</div>
</td>
<td></td>
<td>69</td>
<td>com.mobizio.testscript.CreateBranchWithAllDetails@6ec8211c</td></tr>
<tr>
<td title='com.mobizio.testscript.CreateFormWithAllDetails.createNewBranchWithAllDetails()'><b>createNewBranchWithAllDetails</b><br>Test class: com.mobizio.testscript.CreateFormWithAllDetails<br>Test method: CreateForm<br/>
<a href="#Output-1732261462" onClick='toggleBox("Output-1732261462", this, "Show output", "Hide output");'>Show output</a>

<a href="#Output-1732261462" onClick="toggleAllBoxes();">Show all outputs</a>
<div class='log' id="Output-1732261462">
</br>Login with user name uuseriat and password jaimatadi1#<br/>
</br>verify user login succesfully<br/>
</br>Click on Hamburger Menu<br/>
</br>Click on Configuration Menu<br/>
</br>Click on form<br/>
</br>Click on newform<br/>
</br>Click on newform<br/>
</br>add text field to form<br/>
</br>click on added text field<br/>
</br>fill details of added text field<br/>
</br>Click on newform<br/>
</br>add number field to form<br/>
</br>click on number field<br/>
</br>select action for number field<br/>
</br>select value in rule field<br/>
</br>Click on fields<br/>
</br>add paragraph field to form<br/>
</br>click on paragraph field<br/>
</br>select action for number field<br/>
</br>select value in rule field<br/>
</br>Click on fields<br/>
</br>add decimal field to form<br/>
</br>add multiselect field to form<br/>
</br>add dropdown field to form<br/>
</br>add time field to form<br/>
</br>add date field to form<br/>
</br>add radio button field to form<br/>
</br>add checkbox field to form<br/>
</br>add signature field to form<br/>
</br>add photo field to form<br/>
</br>add barcode field to form<br/>
</br>add hyperlink field to form<br/>
</br>add label field to form<br/>
</br>add customer picker field to form<br/>
</br>add user picker field to form<br/>
</br>add table field to form<br/>
</br>add section field to form<br/>
</br>click On form setting<br/>
</br>enter value of form name<br/>
</br>enter value of form header<br/>
</br>enter value of form instruction<br/>
</br>enter value of required<br/>
</br>click On save button<br/>
</br>click On publish button<br/>
</br>verified created form name<br/>
</br>Logout from application<br/>
</br>verify logout successfully<br/>
</div>
</td>
<td></td>
<td>190</td>
<td>com.mobizio.testscript.CreateFormWithAllDetails@64485a47</td></tr>
<tr>
<td title='com.mobizio.testscript.CreateNewCustomerWithAllDetails.createNewCustomerWithAllDetails()'><b>createNewCustomerWithAllDetails</b><br>Test class: com.mobizio.testscript.CreateNewCustomerWithAllDetails<br>Test method: create new customer with all fields<br/>
<a href="#Output-1288108586" onClick='toggleBox("Output-1288108586", this, "Show output", "Hide output");'>Show output</a>

<a href="#Output-1288108586" onClick="toggleAllBoxes();">Show all outputs</a>
<div class='log' id="Output-1288108586">
</br>Login with user name uuseriat and password jaimatadi1#<br/>
</br>verify user login succesfully<br/>
</br>Click on Hamburger Menu<br/>
</br>Click on Customer<br/>
</br>verify Customer Page<br/>
</br>click on new customer button<br/>
</br>verify new customer page<br/>
</br>enter new customer details<br/>
</br>click on create customer button<br/>
</br>verify Customer Page<br/>
</br>verify newly created customer on customer page <br/>
</br>Logout from application<br/>
</br>verify logout successfully<br/>
</div>
</td>
<td></td>
<td>121</td>
<td>com.mobizio.testscript.CreateNewCustomerWithAllDetails@365185bd</td></tr>
<tr>
<td title='com.mobizio.testscript.CreateNewCustomerWithAllDetails.createNewCustomerWithAllDetails()'><b>createNewCustomerWithAllDetails</b><br>Test class: com.mobizio.testscript.CreateNewCustomerWithAllDetails<br>Test method: create new customer with all fields<br/>
<a href="#Output-740007499" onClick='toggleBox("Output-740007499", this, "Show output", "Hide output");'>Show output</a>

<a href="#Output-740007499" onClick="toggleAllBoxes();">Show all outputs</a>
<div class='log' id="Output-740007499">
</br>Login with user name uuseriat and password jaimatadi1#<br/>
</br>verify user login succesfully<br/>
</br>Click on Hamburger Menu<br/>
</br>Click on Customer<br/>
</br>verify Customer Page<br/>
</br>click on new customer button<br/>
</br>verify new customer page<br/>
</br>enter new customer details<br/>
</br>click on create customer button<br/>
</br>verify Customer Page<br/>
</br>verify newly created customer on customer page <br/>
</br>Logout from application<br/>
</br>verify logout successfully<br/>
</div>
</td>
<td></td>
<td>38</td>
<td>com.mobizio.testscript.CreateNewCustomerWithAllDetails@7e0e6aa2</td></tr>
<tr>
<td title='com.mobizio.testscript.CreateDeviceWithAllDetail.createNewCustomerWithAllDetails()'><b>createNewCustomerWithAllDetails</b><br>Test class: com.mobizio.testscript.CreateDeviceWithAllDetail<br>Test method: create new device with all fields<br/>
<a href="#Output-1370495328" onClick='toggleBox("Output-1370495328", this, "Show output", "Hide output");'>Show output</a>

<a href="#Output-1370495328" onClick="toggleAllBoxes();">Show all outputs</a>
<div class='log' id="Output-1370495328">
</br>Login with user name uuseriat and password jaimatadi1#<br/>
</br>verify user login succesfully<br/>
</br>Click on Hamburger Menu<br/>
</br>Click on Configuration Menu<br/>
</br>Click on Device<br/>
</br>click on new device button<br/>
</br>enter device details<br/>
</br>verify device name<br/>
</br>Logout from application<br/>
</br>verify logout successfully<br/>
</div>
</td>
<td></td>
<td>93</td>
<td>com.mobizio.testscript.CreateDeviceWithAllDetail@544a2ea6</td></tr>
<tr>
<td title='com.mobizio.testscript.CreateDeviceWithAllDetail.createNewCustomerWithAllDetails()'><b>createNewCustomerWithAllDetails</b><br>Test class: com.mobizio.testscript.CreateDeviceWithAllDetail<br>Test method: create new device with all fields<br/>
<a href="#Output-203048480" onClick='toggleBox("Output-203048480", this, "Show output", "Hide output");'>Show output</a>

<a href="#Output-203048480" onClick="toggleAllBoxes();">Show all outputs</a>
<div class='log' id="Output-203048480">
</br>Login with user name uuseriat and password jaimatadi1#<br/>
</br>verify user login succesfully<br/>
</br>Click on Hamburger Menu<br/>
</br>Click on Configuration Menu<br/>
</br>Click on Device<br/>
</br>click on new device button<br/>
</br>enter device details<br/>
</br>verify device name<br/>
</br>Logout from application<br/>
</br>verify logout successfully<br/>
</div>
</td>
<td></td>
<td>22</td>
<td>com.mobizio.testscript.CreateDeviceWithAllDetail@7276c8cd</td></tr>
<tr>
<td title='com.mobizio.testscript.CreateNewCustomerWithMandatoryDetails.createNewCustomerWithMandatoryDetails()'><b>createNewCustomerWithMandatoryDetails</b><br>Test class: com.mobizio.testscript.CreateNewCustomerWithMandatoryDetails<br>Test method: create new customer with all mandatory fields<br/>
<a href="#Output-758572926" onClick='toggleBox("Output-758572926", this, "Show output", "Hide output");'>Show output</a>

<a href="#Output-758572926" onClick="toggleAllBoxes();">Show all outputs</a>
<div class='log' id="Output-758572926">
</br>Login with user name uuseriat and password jaimatadi1#<br/>
</br>verify user login succesfully<br/>
</br>Click on Hamburger Menu<br/>
</br>Click on Customer<br/>
</br>verify Customer Page<br/>
</br>click on new customer button<br/>
</br>verify new customer page<br/>
</br>enter new customer details<br/>
</br>click on create customer button<br/>
</br>verify Customer Page<br/>
</br>verify newly created customer on customer page <br/>
</br>Logout from application<br/>
</br>verify logout successfully<br/>
</div>
</td>
<td></td>
<td>31</td>
<td>com.mobizio.testscript.CreateNewCustomerWithMandatoryDetails@553a3d88</td></tr>
<tr>
<td title='com.mobizio.testscript.CreateNewCustomerWithMandatoryDetails.createNewCustomerWithMandatoryDetails()'><b>createNewCustomerWithMandatoryDetails</b><br>Test class: com.mobizio.testscript.CreateNewCustomerWithMandatoryDetails<br>Test method: create new customer with all mandatory fields<br/>
<a href="#Output-893640573" onClick='toggleBox("Output-893640573", this, "Show output", "Hide output");'>Show output</a>

<a href="#Output-893640573" onClick="toggleAllBoxes();">Show all outputs</a>
<div class='log' id="Output-893640573">
</br>Login with user name uuseriat and password jaimatadi1#<br/>
</br>verify user login succesfully<br/>
</br>Click on Hamburger Menu<br/>
</br>Click on Customer<br/>
</br>verify Customer Page<br/>
</br>click on new customer button<br/>
</br>verify new customer page<br/>
</br>enter new customer details<br/>
</br>click on create customer button<br/>
</br>verify Customer Page<br/>
</br>verify newly created customer on customer page <br/>
</br>Logout from application<br/>
</br>verify logout successfully<br/>
</div>
</td>
<td></td>
<td>80</td>
<td>com.mobizio.testscript.CreateNewCustomerWithMandatoryDetails@7a30d1e6</td></tr>
<tr>
<td title='com.mobizio.testscript.CreateTaskWithAllDetails.createTaskWithAllDetails()'><b>createTaskWithAllDetails</b><br>Test class: com.mobizio.testscript.CreateTaskWithAllDetails<br>Test method: create new device with all fields<br/>
<a href="#Output-1164394344" onClick='toggleBox("Output-1164394344", this, "Show output", "Hide output");'>Show output</a>

<a href="#Output-1164394344" onClick="toggleAllBoxes();">Show all outputs</a>
<div class='log' id="Output-1164394344">
</br>Login with user name uuseriat and password jaimatadi1#<br/>
</br>verify user login succesfully<br/>
</br>Click on Hamburger Menu<br/>
</br>Click on visit<br/>
</br>click on new task<br/>
</br>enter visit details and create the visit<br/>
</br>verify visit name<br/>
</br>Logout from application<br/>
</br>verify logout successfully<br/>
</div>
</td>
<td></td>
<td>116</td>
<td>com.mobizio.testscript.CreateTaskWithAllDetails@4fb64261</td></tr>
</table><p>
</body>
</html>