<?xml version="1.0" encoding="UTF-8"?>
<testng-results skipped="0" failed="1" total="1" passed="0">
  <reporter-output>
    <line>
      <![CDATA[</br>Change appliation language to English]]>
    </line>
    <line>
      <![CDATA[</br>Login with user name sergio.van.pul@beonedevelopment.com and password hyNFd!'w?v&9aqY]]]>
    </line>
    <line>
      <![CDATA[</br>verify user login succesfully]]>
    </line>
    <line>
      <![CDATA[</br>Click on Administrator Tab]]>
    </line>
    <line>
      <![CDATA[</br>Click on Scorm Package Link]]>
    </line>
    <line>
      <![CDATA[</br>Click on upload package image]]>
    </line>
    <line>
      <![CDATA[</br>Click on choose file button]]>
    </line>
    <line>
      <![CDATA[</br>Choose file]]>
    </line>
    <line>
      <![CDATA[</br>Click on upload button]]>
    </line>
  </reporter-output>
  <suite name="Default suite" duration-ms="102611" started-at="2018-04-03T08:48:10Z" finished-at="2018-04-03T08:49:53Z">
    <groups>
    </groups>
    <test name="Default test" duration-ms="102611" started-at="2018-04-03T08:48:10Z" finished-at="2018-04-03T08:49:53Z">
      <class name="com.scorm.testscript.VerifyUploadPackage">
        <test-method status="PASS" signature="setUp()[pri:0, instance:com.scorm.testscript.VerifyUploadPackage@76707e36]" name="setUp" is-config="true" duration-ms="7624" started-at="2018-04-03T10:48:10Z" finished-at="2018-04-03T10:48:18Z">
          <reporter-output>
          </reporter-output>
        </test-method> <!-- setUp -->
        <test-method status="FAIL" signature="uploadPackage()[pri:0, instance:com.scorm.testscript.VerifyUploadPackage@76707e36]" name="uploadPackage" duration-ms="93682" started-at="2018-04-03T10:48:18Z" description="Upload zip package and verify uploaded package" finished-at="2018-04-03T10:49:52Z">
          <exception class="org.openqa.selenium.TimeoutException">
            <message>
              <![CDATA[Expected condition failed: waiting for element to be clickable: Proxy element for: DefaultElementLocator 'By.xpath: //input[@id='btnClose']' (tried for 30 second(s) with 500 MILLISECONDS interval)
Build info: version: '3.0.1', revision: '1969d75', time: '2016-10-18 09:49:13 -0700'
System info: host: 'BODSND000001', ip: '10.105.4.53', os.name: 'Windows 10', os.arch: 'amd64', os.version: '10.0', java.version: '1.8.0_161'
Driver info: org.openqa.selenium.chrome.ChromeDriver
Capabilities [{applicationCacheEnabled=false, rotatable=false, mobileEmulationEnabled=false, networkConnectionEnabled=false, chrome={chromedriverVersion=2.35.528161 (5b82f2d2aae0ca24b877009200ced9065a772e73), userDataDir=C:\Users\SBCBA~1.VAN\AppData\Local\Temp\scoped_dir3048_30740}, takesHeapSnapshot=true, pageLoadStrategy=normal, databaseEnabled=false, handlesAlerts=true, hasTouchScreen=false, version=65.0.3325.181, platform=XP, browserConnectionEnabled=false, nativeEvents=true, acceptSslCerts=false, acceptInsecureCerts=false, locationContextEnabled=true, webStorageEnabled=true, browserName=chrome, takesScreenshot=true, javascriptEnabled=true, cssSelectorsEnabled=true, setWindowRect=true, unexpectedAlertBehaviour=}]
Session ID: 9814920f2a66ecc81ca89cab72ca4bbd]]>
            </message>
            <full-stacktrace>
              <![CDATA[org.openqa.selenium.TimeoutException: Expected condition failed: waiting for element to be clickable: Proxy element for: DefaultElementLocator 'By.xpath: //input[@id='btnClose']' (tried for 30 second(s) with 500 MILLISECONDS interval)
Build info: version: '3.0.1', revision: '1969d75', time: '2016-10-18 09:49:13 -0700'
System info: host: 'BODSND000001', ip: '10.105.4.53', os.name: 'Windows 10', os.arch: 'amd64', os.version: '10.0', java.version: '1.8.0_161'
Driver info: org.openqa.selenium.chrome.ChromeDriver
Capabilities [{applicationCacheEnabled=false, rotatable=false, mobileEmulationEnabled=false, networkConnectionEnabled=false, chrome={chromedriverVersion=2.35.528161 (5b82f2d2aae0ca24b877009200ced9065a772e73), userDataDir=C:\Users\SBCBA~1.VAN\AppData\Local\Temp\scoped_dir3048_30740}, takesHeapSnapshot=true, pageLoadStrategy=normal, databaseEnabled=false, handlesAlerts=true, hasTouchScreen=false, version=65.0.3325.181, platform=XP, browserConnectionEnabled=false, nativeEvents=true, acceptSslCerts=false, acceptInsecureCerts=false, locationContextEnabled=true, webStorageEnabled=true, browserName=chrome, takesScreenshot=true, javascriptEnabled=true, cssSelectorsEnabled=true, setWindowRect=true, unexpectedAlertBehaviour=}]
Session ID: 9814920f2a66ecc81ca89cab72ca4bbd
	at org.openqa.selenium.support.ui.WebDriverWait.timeoutException(WebDriverWait.java:80)
	at org.openqa.selenium.support.ui.FluentWait.until(FluentWait.java:265)
	at com.scorm.selenium.framework.BasePage.waitForElement(BasePage.java:171)
	at com.scorm.pages.AdministratorMenuPage.clickOnCloseButton(AdministratorMenuPage.java:268)
	at com.scorm.pages.AdministratorMenuPage.checkStatus(AdministratorMenuPage.java:228)
	at com.scorm.testscript.VerifyUploadPackage.uploadPackage(VerifyUploadPackage.java:60)
	at sun.reflect.NativeMethodAccessorImpl.invoke0(Native Method)
	at sun.reflect.NativeMethodAccessorImpl.invoke(Unknown Source)
	at sun.reflect.DelegatingMethodAccessorImpl.invoke(Unknown Source)
	at java.lang.reflect.Method.invoke(Unknown Source)
	at org.testng.internal.MethodInvocationHelper.invokeMethod(MethodInvocationHelper.java:80)
	at org.testng.internal.Invoker.invokeMethod(Invoker.java:714)
	at org.testng.internal.Invoker.invokeTestMethod(Invoker.java:901)
	at org.testng.internal.Invoker.invokeTestMethods(Invoker.java:1231)
	at org.testng.internal.TestMethodWorker.invokeTestMethods(TestMethodWorker.java:127)
	at org.testng.internal.TestMethodWorker.run(TestMethodWorker.java:111)
	at org.testng.TestRunner.privateRun(TestRunner.java:767)
	at org.testng.TestRunner.run(TestRunner.java:617)
	at org.testng.SuiteRunner.runTest(SuiteRunner.java:334)
	at org.testng.SuiteRunner.runSequentially(SuiteRunner.java:329)
	at org.testng.SuiteRunner.privateRun(SuiteRunner.java:291)
	at org.testng.SuiteRunner.run(SuiteRunner.java:240)
	at org.testng.SuiteRunnerWorker.runSuite(SuiteRunnerWorker.java:52)
	at org.testng.SuiteRunnerWorker.run(SuiteRunnerWorker.java:86)
	at org.testng.TestNG.runSuitesSequentially(TestNG.java:1198)
	at org.testng.TestNG.runSuitesLocally(TestNG.java:1123)
	at org.testng.TestNG.run(TestNG.java:1031)
	at org.testng.remote.AbstractRemoteTestNG.run(AbstractRemoteTestNG.java:114)
	at org.testng.remote.RemoteTestNG.initAndRun(RemoteTestNG.java:251)
	at org.testng.remote.RemoteTestNG.main(RemoteTestNG.java:77)
Caused by: org.openqa.selenium.NoSuchElementException: no such element: Unable to locate element: {"method":"xpath","selector":"//input[@id='btnClose']"}
  (Session info: chrome=65.0.3325.181)
  (Driver info: chromedriver=2.35.528161 (5b82f2d2aae0ca24b877009200ced9065a772e73),platform=Windows NT 10.0.15063 x86_64) (WARNING: The server did not provide any stacktrace information)
Command duration or timeout: 16 milliseconds
For documentation on this error, please visit: http://seleniumhq.org/exceptions/no_such_element.html
Build info: version: '3.0.1', revision: '1969d75', time: '2016-10-18 09:49:13 -0700'
System info: host: 'BODSND000001', ip: '10.105.4.53', os.name: 'Windows 10', os.arch: 'amd64', os.version: '10.0', java.version: '1.8.0_161'
Driver info: org.openqa.selenium.chrome.ChromeDriver
Capabilities [{applicationCacheEnabled=false, rotatable=false, mobileEmulationEnabled=false, networkConnectionEnabled=false, chrome={chromedriverVersion=2.35.528161 (5b82f2d2aae0ca24b877009200ced9065a772e73), userDataDir=C:\Users\SBCBA~1.VAN\AppData\Local\Temp\scoped_dir3048_30740}, takesHeapSnapshot=true, pageLoadStrategy=normal, databaseEnabled=false, handlesAlerts=true, hasTouchScreen=false, version=65.0.3325.181, platform=XP, browserConnectionEnabled=false, nativeEvents=true, acceptSslCerts=false, acceptInsecureCerts=false, locationContextEnabled=true, webStorageEnabled=true, browserName=chrome, takesScreenshot=true, javascriptEnabled=true, cssSelectorsEnabled=true, setWindowRect=true, unexpectedAlertBehaviour=}]
Session ID: 9814920f2a66ecc81ca89cab72ca4bbd
*** Element info: {Using=xpath, value=//input[@id='btnClose']}
	at sun.reflect.GeneratedConstructorAccessor21.newInstance(Unknown Source)
	at sun.reflect.DelegatingConstructorAccessorImpl.newInstance(Unknown Source)
	at java.lang.reflect.Constructor.newInstance(Unknown Source)
	at org.openqa.selenium.remote.ErrorHandler.createThrowable(ErrorHandler.java:216)
	at org.openqa.selenium.remote.ErrorHandler.throwIfResponseFailed(ErrorHandler.java:168)
	at org.openqa.selenium.remote.RemoteWebDriver.execute(RemoteWebDriver.java:635)
	at org.openqa.selenium.remote.RemoteWebDriver.findElement(RemoteWebDriver.java:368)
	at org.openqa.selenium.remote.RemoteWebDriver.findElementByXPath(RemoteWebDriver.java:473)
	at org.openqa.selenium.By$ByXPath.findElement(By.java:361)
	at org.openqa.selenium.remote.RemoteWebDriver.findElement(RemoteWebDriver.java:360)
	at org.openqa.selenium.support.pagefactory.DefaultElementLocator.findElement(DefaultElementLocator.java:69)
	at org.openqa.selenium.support.pagefactory.internal.LocatingElementHandler.invoke(LocatingElementHandler.java:38)
	at com.sun.proxy.$Proxy10.isDisplayed(Unknown Source)
	at org.openqa.selenium.support.ui.ExpectedConditions.elementIfVisible(ExpectedConditions.java:302)
	at org.openqa.selenium.support.ui.ExpectedConditions.access$100(ExpectedConditions.java:41)
	at org.openqa.selenium.support.ui.ExpectedConditions$10.apply(ExpectedConditions.java:288)
	at org.openqa.selenium.support.ui.ExpectedConditions$10.apply(ExpectedConditions.java:285)
	at org.openqa.selenium.support.ui.ExpectedConditions$23.apply(ExpectedConditions.java:684)
	at org.openqa.selenium.support.ui.ExpectedConditions$23.apply(ExpectedConditions.java:677)
	at org.openqa.selenium.support.ui.FluentWait.until(FluentWait.java:238)
	... 28 more
]]>
            </full-stacktrace>
          </exception> <!-- org.openqa.selenium.TimeoutException -->
          <reporter-output>
            <line>
              <![CDATA[</br>Change appliation language to English]]>
            </line>
            <line>
              <![CDATA[</br>Login with user name sergio.van.pul@beonedevelopment.com and password hyNFd!'w?v&9aqY]]]>
            </line>
            <line>
              <![CDATA[</br>verify user login succesfully]]>
            </line>
            <line>
              <![CDATA[</br>Click on Administrator Tab]]>
            </line>
            <line>
              <![CDATA[</br>Click on Scorm Package Link]]>
            </line>
            <line>
              <![CDATA[</br>Click on upload package image]]>
            </line>
            <line>
              <![CDATA[</br>Click on choose file button]]>
            </line>
            <line>
              <![CDATA[</br>Choose file]]>
            </line>
            <line>
              <![CDATA[</br>Click on upload button]]>
            </line>
          </reporter-output>
        </test-method> <!-- uploadPackage -->
        <test-method status="PASS" signature="afterMainMethod()[pri:0, instance:com.scorm.testscript.VerifyUploadPackage@76707e36]" name="afterMainMethod" is-config="true" duration-ms="1255" started-at="2018-04-03T10:49:52Z" finished-at="2018-04-03T10:49:53Z">
          <reporter-output>
          </reporter-output>
        </test-method> <!-- afterMainMethod -->
        <test-method status="PASS" signature="tearDownSuite()[pri:0, instance:com.scorm.testscript.VerifyUploadPackage@76707e36]" name="tearDownSuite" is-config="true" duration-ms="0" started-at="2018-04-03T10:49:53Z" finished-at="2018-04-03T10:49:53Z">
          <reporter-output>
          </reporter-output>
        </test-method> <!-- tearDownSuite -->
      </class> <!-- com.scorm.testscript.VerifyUploadPackage -->
    </test> <!-- Default test -->
  </suite> <!-- Default suite -->
</testng-results>
